<?xml version="1.0" encoding="UTF-8"?>
<!-- Generated by org.testng.reporters.JUnitReportReporter -->
<testsuite hostname="SK" failures="0" tests="1" name="login.signupDemo" time="3.793" errors="0" timestamp="2021-02-28T01:59:37 IST" skipped="0">
  <testcase classname="login.signupDemo" name="signUpTest" time="3.793"/>
  <system-out/>
</testsuite> <!-- login.signupDemo -->
