<?xml version="1.0" encoding="UTF-8"?>
<!-- Generated by org.testng.reporters.JUnitReportReporter -->
<testsuite hostname="SK" failures="0" tests="1" name="demo.TestProjectDemo" time="0.008" errors="0" timestamp="2021-02-28T00:00:26 IST" skipped="0">
  <testcase classname="demo.TestProjectDemo" name="Test" time="0.008"/>
  <system-out/>
</testsuite> <!-- demo.TestProjectDemo -->
