<?xml version="1.0" encoding="UTF-8"?>
<!-- Generated by org.testng.reporters.JUnitReportReporter -->
<testsuite hostname="SK" failures="0" tests="1" name="demo.KatalonRecorderDemo" time="12.927" errors="0" timestamp="2021-02-27T12:17:52 IST" skipped="0">
  <testcase classname="demo.KatalonRecorderDemo" name="testKatalonRecorderTest1" time="12.927"/>
  <system-out/>
</testsuite> <!-- demo.KatalonRecorderDemo -->
