<?xml version="1.0" encoding="UTF-8"?>
<!-- Generated by org.testng.reporters.JUnitReportReporter -->
<testsuite hostname="SK" failures="0" tests="1" name="utils.ExcelDataProvider" time="0.007" errors="0" timestamp="2021-02-28T02:03:58 IST" skipped="0">
  <testcase classname="utils.ExcelDataProvider" name="Test1" time="0.007"/>
  <system-out/>
</testsuite> <!-- utils.ExcelDataProvider -->
